#
# There is insufficient memory for the Java Runtime Environment to continue.
# Native memory allocation (mmap) failed to map 132120576 bytes for G1 virtual space
# Possible reasons:
#   The system is out of physical RAM or swap space
#   The process is running with CompressedOops enabled, and the Java Heap may be blocking the growth of the native heap
# Possible solutions:
#   Reduce memory load on the system
#   Increase physical memory or swap space
#   Check if swap backing store is full
#   Decrease Java heap size (-Xmx/-Xms)
#   Decrease number of Java threads
#   Decrease Java thread stack sizes (-Xss)
#   Set larger code cache with -XX:ReservedCodeCacheSize=
#   JVM is running with Unscaled Compressed Oops mode in which the Java heap is
#     placed in the first 4GB address space. The Java Heap base address is the
#     maximum limit for the native heap growth. Please use -XX:HeapBaseMinAddress
#     to set the Java Heap base and to place the Java Heap above 4GB virtual address.
# This output file may be truncated or incomplete.
#
#  Out of Memory Error (os_windows.cpp:3530), pid=19712, tid=7596
#
# JRE version:  (18.0.2+9) (build )
# Java VM: OpenJDK 64-Bit Server VM (18.0.2+9-61, mixed mode, sharing, tiered, compressed oops, compressed class ptrs, g1 gc, windows-amd64)
# No core dump will be written. Minidumps are not enabled by default on client versions of Windows
#

---------------  S U M M A R Y ------------

Command Line: -javaagent:C:\Program Files\JetBrains\IntelliJ IDEA Community Edition 2022.2\lib\idea_rt.jar=65388:C:\Program Files\JetBrains\IntelliJ IDEA Community Edition 2022.2\bin -Dfile.encoding=UTF-8 Sorting.Bubble

Host: Intel(R) Core(TM) i5-10300H CPU @ 2.50GHz, 8 cores, 7G,  Windows 11 , 64 bit Build 22621 (10.0.22621.1778)
Time: Fri Jun 23 12:54:07 2023 India Standard Time elapsed time: 0.018817 seconds (0d 0h 0m 0s)

---------------  T H R E A D  ---------------

Current thread (0x0000017c894aea90):  JavaThread "Unknown thread" [_thread_in_vm, id=7596, stack(0x0000004ddce00000,0x0000004ddcf00000)]

Stack: [0x0000004ddce00000,0x0000004ddcf00000]
Native frames: (J=compiled Java code, j=interpreted, Vv=VM code, C=native code)
V  [jvm.dll+0x6993ca]
V  [jvm.dll+0x7f481d]
V  [jvm.dll+0x7f612e]
V  [jvm.dll+0x7f67e3]
V  [jvm.dll+0x25cdaf]
V  [jvm.dll+0x696319]
V  [jvm.dll+0x68ae4a]
V  [jvm.dll+0x3223eb]
V  [jvm.dll+0x329dc6]
V  [jvm.dll+0x37eade]
V  [jvm.dll+0x37ed0f]
V  [jvm.dll+0x2fa16a]
V  [jvm.dll+0x2fb1cd]
V  [jvm.dll+0x7c3450]
V  [jvm.dll+0x38be61]
V  [jvm.dll+0x7a2073]
V  [jvm.dll+0x40dc3f]
V  [jvm.dll+0x40f611]
C  [jli.dll+0x526b]
C  [ucrtbase.dll+0x29363]
C  [KERNEL32.DLL+0x126ad]
C  [ntdll.dll+0x5a9f8]


---------------  P R O C E S S  ---------------

Threads class SMR info:
_java_thread_list=0x00007ff90038e550, length=0, elements={
}

Java Threads: ( => current thread )

Other Threads:
  0x0000017c8950bff0 WorkerThread "GC Thread#0" [stack: 0x0000004ddcf00000,0x0000004ddd000000] [id=25036]
  0x0000017c8951ca40 ConcurrentGCThread "G1 Main Marker" [stack: 0x0000004ddd000000,0x0000004ddd100000] [id=32428]
  0x0000017c8951dbd0 WorkerThread "G1 Conc#0" [stack: 0x0000004ddd100000,0x0000004ddd200000] [id=19148]

[error occurred during error reporting (printing all threads), id 0xc0000005, EXCEPTION_ACCESS_VIOLATION (0xc0000005) at pc=0x00007ff8ffbba707]

VM state: not at safepoint (not fully initialized)

VM Mutex/Monitor currently owned by a thread:  ([mutex/lock_event])
[0x0000017c894ac450] Heap_lock - owner thread: 0x0000017c894aea90

Heap address: 0x0000000083200000, size: 1998 MB, Compressed Oops mode: 32-bit

CDS archive(s) mapped at: [0x0000000000000000-0x0000000000000000-0x0000000000000000), size 0, SharedBaseAddress: 0x0000000800000000, ArchiveRelocationMode: 0.
Narrow klass base: 0x0000000000000000, Narrow klass shift: 0, Narrow klass range: 0x0

GC Precious Log:
 CardTable entry size: 512
 Card Set container configuration: InlinePtr #cards 5 size 8 Array Of Cards #cards 12 size 40 Howl #buckets 4 coarsen threshold 1843 Howl Bitmap #cards 512 size 80 coarsen threshold 460 Card regions per heap region 1 cards per card region 2048

Heap:
 garbage-first heap   total 0K, used 0K [0x0000000083200000, 0x0000000100000000)
  region size 1024K, 0 young (0K), 0 survivors (0K)

[error occurred during error reporting (printing heap information), id 0xc0000005, EXCEPTION_ACCESS_VIOLATION (0xc0000005) at pc=0x00007ff8fffa1859]

GC Heap History (0 events):
No events

Deoptimization events (0 events):
No events

Classes loaded (0 events):
No events

Classes unloaded (0 events):
No events

Classes redefined (0 events):
No events

Internal exceptions (0 events):
No events

VM Operations (0 events):
No events

Events (1 events):
Event: 0.011 Loaded shared library C:\Users\ameyb\.jdks\openjdk-18.0.2\bin\java.dll


Dynamic libraries:
0x00007ff715320000 - 0x00007ff71532e000 	C:\Users\ameyb\.jdks\openjdk-18.0.2\bin\java.exe
0x00007ff9a19b0000 - 0x00007ff9a1bc4000 	C:\WINDOWS\SYSTEM32\ntdll.dll
0x00007ff9a0300000 - 0x00007ff9a03c2000 	C:\WINDOWS\System32\KERNEL32.DLL
0x00007ff99ede0000 - 0x00007ff99f183000 	C:\WINDOWS\System32\KERNELBASE.dll
0x00007ff99f300000 - 0x00007ff99f411000 	C:\WINDOWS\System32\ucrtbase.dll
0x00007ff98f4d0000 - 0x00007ff98f4e7000 	C:\Users\ameyb\.jdks\openjdk-18.0.2\bin\jli.dll
0x00007ff98f510000 - 0x00007ff98f52a000 	C:\Users\ameyb\.jdks\openjdk-18.0.2\bin\VCRUNTIME140.dll
0x00007ff9a04b0000 - 0x00007ff9a065b000 	C:\WINDOWS\System32\USER32.dll
0x00007ff99edb0000 - 0x00007ff99edd6000 	C:\WINDOWS\System32\win32u.dll
0x00007ff983360000 - 0x00007ff9835ee000 	C:\WINDOWS\WinSxS\amd64_microsoft.windows.common-controls_6595b64144ccf1df_6.0.22621.1635_none_270f70857386168e\COMCTL32.dll
0x00007ff9a0480000 - 0x00007ff9a04a9000 	C:\WINDOWS\System32\GDI32.dll
0x00007ff99fa50000 - 0x00007ff99faf7000 	C:\WINDOWS\System32\msvcrt.dll
0x00007ff99f420000 - 0x00007ff99f539000 	C:\WINDOWS\System32\gdi32full.dll
0x00007ff99f670000 - 0x00007ff99f70a000 	C:\WINDOWS\System32\msvcp_win.dll
0x00007ff9a0c80000 - 0x00007ff9a0cb1000 	C:\WINDOWS\System32\IMM32.DLL
0x00007ff990540000 - 0x00007ff99054c000 	C:\Users\ameyb\.jdks\openjdk-18.0.2\bin\vcruntime140_1.dll
0x00007ff9846e0000 - 0x00007ff98476d000 	C:\Users\ameyb\.jdks\openjdk-18.0.2\bin\msvcp140.dll
0x00007ff8ff8b0000 - 0x00007ff9004c1000 	C:\Users\ameyb\.jdks\openjdk-18.0.2\bin\server\jvm.dll
0x00007ff9a0a10000 - 0x00007ff9a0abe000 	C:\WINDOWS\System32\ADVAPI32.dll
0x00007ff9a0cc0000 - 0x00007ff9a0d64000 	C:\WINDOWS\System32\sechost.dll
0x00007ff9a1310000 - 0x00007ff9a1427000 	C:\WINDOWS\System32\RPCRT4.dll
0x00007ff9a1960000 - 0x00007ff9a1968000 	C:\WINDOWS\System32\PSAPI.DLL
0x00007ff996c10000 - 0x00007ff996c44000 	C:\WINDOWS\SYSTEM32\WINMM.dll
0x00007ff991270000 - 0x00007ff99127a000 	C:\WINDOWS\SYSTEM32\VERSION.dll
0x00007ff97aa40000 - 0x00007ff97aa49000 	C:\WINDOWS\SYSTEM32\WSOCK32.dll
0x00007ff9a0c00000 - 0x00007ff9a0c71000 	C:\WINDOWS\System32\WS2_32.dll
0x00007ff99ded0000 - 0x00007ff99dee8000 	C:\WINDOWS\SYSTEM32\kernel.appcore.dll
0x00007ff98fb90000 - 0x00007ff98fb9a000 	C:\Users\ameyb\.jdks\openjdk-18.0.2\bin\jimage.dll
0x00007ff99c540000 - 0x00007ff99c76e000 	C:\WINDOWS\SYSTEM32\DBGHELP.DLL
0x00007ff9a0680000 - 0x00007ff9a0a09000 	C:\WINDOWS\System32\combase.dll
0x00007ff99f790000 - 0x00007ff99f867000 	C:\WINDOWS\System32\OLEAUT32.dll
0x00007ff98ff60000 - 0x00007ff98ff92000 	C:\WINDOWS\SYSTEM32\dbgcore.DLL
0x00007ff99f710000 - 0x00007ff99f78b000 	C:\WINDOWS\System32\bcryptPrimitives.dll
0x00007ff98a890000 - 0x00007ff98a89e000 	C:\Users\ameyb\.jdks\openjdk-18.0.2\bin\instrument.dll
0x00007ff98a8a0000 - 0x00007ff98a8c5000 	C:\Users\ameyb\.jdks\openjdk-18.0.2\bin\java.dll

dbghelp: loaded successfully - version: 4.0.5 - missing functions: none
symbol engine: initialized successfully - sym options: 0x614 - pdb path: .;C:\Users\ameyb\.jdks\openjdk-18.0.2\bin;C:\WINDOWS\SYSTEM32;C:\WINDOWS\WinSxS\amd64_microsoft.windows.common-controls_6595b64144ccf1df_6.0.22621.1635_none_270f70857386168e;C:\Users\ameyb\.jdks\openjdk-18.0.2\bin\server

VM Arguments:
jvm_args: -javaagent:C:\Program Files\JetBrains\IntelliJ IDEA Community Edition 2022.2\lib\idea_rt.jar=65388:C:\Program Files\JetBrains\IntelliJ IDEA Community Edition 2022.2\bin -Dfile.encoding=UTF-8 
java_command: Sorting.Bubble
java_class_path (initial): C:\Users\ameyb\IdeaProjects\JavaComp\out\production\JavaComp
Launcher Type: SUN_STANDARD

[Global flags]
     intx CICompilerCount                          = 4                                         {product} {ergonomic}
     uint ConcGCThreads                            = 2                                         {product} {ergonomic}
     uint G1ConcRefinementThreads                  = 8                                         {product} {ergonomic}
   size_t G1HeapRegionSize                         = 1048576                                   {product} {ergonomic}
    uintx GCDrainStackTargetSize                   = 64                                        {product} {ergonomic}
   size_t InitialHeapSize                          = 132120576                                 {product} {ergonomic}
   size_t MarkStackSize                            = 4194304                                   {product} {ergonomic}
   size_t MaxHeapSize                              = 2095054848                                {product} {ergonomic}
   size_t MinHeapDeltaBytes                        = 1048576                                   {product} {ergonomic}
   size_t MinHeapSize                              = 8388608                                   {product} {ergonomic}
    uintx NonNMethodCodeHeapSize                   = 5839372                                {pd product} {ergonomic}
    uintx NonProfiledCodeHeapSize                  = 122909434                              {pd product} {ergonomic}
    uintx ProfiledCodeHeapSize                     = 122909434                              {pd product} {ergonomic}
    uintx ReservedCodeCacheSize                    = 251658240                              {pd product} {ergonomic}
     bool SegmentedCodeCache                       = true                                      {product} {ergonomic}
   size_t SoftMaxHeapSize                          = 2095054848                             {manageable} {ergonomic}
     bool UseCompressedClassPointers               = true                           {product lp64_product} {ergonomic}
     bool UseCompressedOops                        = true                           {product lp64_product} {ergonomic}
     bool UseG1GC                                  = true                                      {product} {ergonomic}
     bool UseLargePagesIndividualAllocation        = false                                  {pd product} {ergonomic}

Logging:
Log output configuration:
 #0: stdout all=warning uptime,level,tags foldmultilines=false
 #1: stderr all=off uptime,level,tags foldmultilines=false

Environment Variables:
PATH=C:\Program Files\Eclipse Adoptium\jdk-17.0.4.101-hotspot\bin;C:\Python310\Scripts\;C:\Python310\;C:\Windows\system32;C:\Windows;C:\Windows\System32\Wbem;C:\Windows\System32\WindowsPowerShell\v1.0\;C:\Windows\System32\OpenSSH\;C:\Program Files (x86)\NVIDIA Corporation\PhysX\Common;C:\Program Files\NVIDIA Corporation\NVIDIA NvDLISR;C:\WINDOWS\system32;C:\WINDOWS;C:\WINDOWS\System32\Wbem;C:\WINDOWS\System32\WindowsPowerShell\v1.0\;C:\WINDOWS\System32\OpenSSH\;C:\TDM-GCC-64\bin;C:\TDM-GCC-32\bin;C:\Program Files\Git\cmd;C:\Program Files\nodejs\;C:\Program Files\PostgreSQL\14\bin;C:\Program Files\PostgreSQL\14\lib;C:\Program Files\MongoDB\Server\6.0\bin;C:\mongosh-1.5.4\bin;C:\Program Files\Geth;C:\MinGW\bin;C:\mongosh-1.6.0\bin;C:\Users\ameyb\AppData\Local\Programs\Python\Python311\Scripts\;C:\Users\ameyb\AppData\Local\Programs\Python\Python311\;C:\Program Files\MySQL\MySQL Shell 8.0\bin\;C:\Users\ameyb\AppData\Local\Microsoft\WindowsApps;C:\Users\ameyb\AppData\Roaming\npm;C:\Program Files\JetBrains\PyCharm Community Edition 2022.2\bin;;C:\Program Files\JetBrains\IntelliJ IDEA Community Edition 2022.2\bin;;C:\Program Files\heroku\bin;C:\Users\ameyb\AppData\Local\GitHubDesktop\bin;C:\Users\ameyb\AppData\Local\Programs\Microsoft VS Code\bin
USERNAME=ameyb
OS=Windows_NT
PROCESSOR_IDENTIFIER=Intel64 Family 6 Model 165 Stepping 2, GenuineIntel



---------------  S Y S T E M  ---------------

OS:
 Windows 11 , 64 bit Build 22621 (10.0.22621.1778)
OS uptime: 7 days 19:18 hours
Hyper-V role detected

CPU: total 8 (initial active 8) (4 cores per cpu, 2 threads per core) family 6 model 165 stepping 2 microcode 0xf4, cx8, cmov, fxsr, ht, mmx, 3dnowpref, sse, sse2, sse3, ssse3, sse4.1, sse4.2, popcnt, lzcnt, tsc, tscinvbit, avx, avx2, aes, erms, clmul, bmi1, bmi2, adx, fma, vzeroupper, clflush, clflushopt, hv

Memory: 4k page, system-wide physical 7985M (617M free)
TotalPageFile size 16594M (AvailPageFile size 22M)
current process WorkingSet (physical memory assigned to process): 11M, peak: 11M
current process commit charge ("private bytes"): 60M, peak: 186M

vm_info: OpenJDK 64-Bit Server VM (18.0.2+9-61) for windows-amd64 JRE (18.0.2+9-61), built on Jun  7 2022 13:05:59 by "mach5one" with MS VC++ 16.8 / 16.9 (VS2019)

END.
